

============================== 2022-11-23 14:07:39.791322 | 59f891f8-11db-4eed-90dd-34dd8c6e8476 ==============================
[0m14:07:39.791331 [info ] [MainThread]: Running with dbt=1.3.1
[0m14:07:39.791518 [debug] [MainThread]: running dbt with arguments {'write_json': True, 'use_colors': True, 'printer_width': 80, 'version_check': True, 'partial_parse': True, 'static_parser': True, 'profiles_dir': '/Users/ana/.dbt', 'send_anonymous_usage_stats': True, 'event_buffer_size': 100000, 'quiet': False, 'no_print': False, 'config_dir': False, 'which': 'debug', 'indirect_selection': 'eager'}
[0m14:07:39.791590 [debug] [MainThread]: Tracking: tracking
[0m14:07:39.802308 [debug] [MainThread]: Sending event: {'category': 'dbt', 'action': 'invocation', 'label': 'start', 'context': [<snowplow_tracker.self_describing_json.SelfDescribingJson object at 0x1048c77c0>, <snowplow_tracker.self_describing_json.SelfDescribingJson object at 0x1048c7e20>, <snowplow_tracker.self_describing_json.SelfDescribingJson object at 0x1048c7760>]}
[0m14:07:39.910780 [debug] [MainThread]: Executing "git --help"
[0m14:07:39.917772 [debug] [MainThread]: STDOUT: "b"usage: git [-v | --version] [-h | --help] [-C <path>] [-c <name>=<value>]\n           [--exec-path[=<path>]] [--html-path] [--man-path] [--info-path]\n           [-p | --paginate | -P | --no-pager] [--no-replace-objects] [--bare]\n           [--git-dir=<path>] [--work-tree=<path>] [--namespace=<name>]\n           [--super-prefix=<path>] [--config-env=<name>=<envvar>]\n           <command> [<args>]\n\nThese are common Git commands used in various situations:\n\nstart a working area (see also: git help tutorial)\n   clone     Clone a repository into a new directory\n   init      Create an empty Git repository or reinitialize an existing one\n\nwork on the current change (see also: git help everyday)\n   add       Add file contents to the index\n   mv        Move or rename a file, a directory, or a symlink\n   restore   Restore working tree files\n   rm        Remove files from the working tree and from the index\n\nexamine the history and state (see also: git help revisions)\n   bisect    Use binary search to find the commit that introduced a bug\n   diff      Show changes between commits, commit and working tree, etc\n   grep      Print lines matching a pattern\n   log       Show commit logs\n   show      Show various types of objects\n   status    Show the working tree status\n\ngrow, mark and tweak your common history\n   branch    List, create, or delete branches\n   commit    Record changes to the repository\n   merge     Join two or more development histories together\n   rebase    Reapply commits on top of another base tip\n   reset     Reset current HEAD to the specified state\n   switch    Switch branches\n   tag       Create, list, delete or verify a tag object signed with GPG\n\ncollaborate (see also: git help workflows)\n   fetch     Download objects and refs from another repository\n   pull      Fetch from and integrate with another repository or a local branch\n   push      Update remote refs along with associated objects\n\n'git help -a' and 'git help -g' list available subcommands and some\nconcept guides. See 'git help <command>' or 'git help <concept>'\nto read about a specific subcommand or concept.\nSee 'git help git' for an overview of the system.\n""
[0m14:07:39.918133 [debug] [MainThread]: STDERR: "b''"
[0m14:07:39.918761 [debug] [MainThread]: Acquiring new redshift connection "debug"
[0m14:07:39.918884 [debug] [MainThread]: Using redshift connection "debug"
[0m14:07:39.918960 [debug] [MainThread]: On debug: select 1 as id
[0m14:07:39.919043 [debug] [MainThread]: Opening a new connection, currently in state init
[0m14:07:39.919145 [debug] [MainThread]: Redshift adapter: Connecting to Redshift using 'database' credentials
[0m14:07:50.021612 [debug] [MainThread]: Postgres adapter: Got a retryable error when attempting to open a redshift connection.
1 attempts remaining. Retrying in 0 seconds.
Error:
connection to server at "data-lake-production.c5iydpgpq7zy.us-east-1.redshift.amazonaws.com" (18.210.144.159), port 5439 failed: timeout expired

[0m14:08:00.034305 [debug] [MainThread]: Postgres adapter: Error running SQL: select 1 as id
[0m14:08:00.035243 [debug] [MainThread]: Postgres adapter: Rolling back transaction.
[0m14:08:00.035648 [debug] [MainThread]: On debug: No close available on handle
[0m14:08:00.036869 [debug] [MainThread]: Sending event: {'category': 'dbt', 'action': 'invocation', 'label': 'end', 'context': [<snowplow_tracker.self_describing_json.SelfDescribingJson object at 0x104f33790>, <snowplow_tracker.self_describing_json.SelfDescribingJson object at 0x104f33430>, <snowplow_tracker.self_describing_json.SelfDescribingJson object at 0x104f33040>]}
[0m14:08:00.037626 [debug] [MainThread]: Flushing usage events
[0m14:08:00.224166 [debug] [MainThread]: Connection 'debug' was properly closed.


============================== 2022-11-23 14:11:24.078551 | 2fdc74fd-2dc2-45f2-94fc-2ce5c41a5f4d ==============================
[0m14:11:24.078558 [info ] [MainThread]: Running with dbt=1.3.1
[0m14:11:24.078758 [debug] [MainThread]: running dbt with arguments {'write_json': True, 'use_colors': True, 'printer_width': 80, 'version_check': True, 'partial_parse': True, 'static_parser': True, 'profiles_dir': '/Users/ana/.dbt', 'send_anonymous_usage_stats': True, 'event_buffer_size': 100000, 'quiet': False, 'no_print': False, 'config_dir': False, 'which': 'debug', 'indirect_selection': 'eager'}
[0m14:11:24.078835 [debug] [MainThread]: Tracking: tracking
[0m14:11:24.087693 [debug] [MainThread]: Sending event: {'category': 'dbt', 'action': 'invocation', 'label': 'start', 'context': [<snowplow_tracker.self_describing_json.SelfDescribingJson object at 0x1048faf40>, <snowplow_tracker.self_describing_json.SelfDescribingJson object at 0x1048fa310>, <snowplow_tracker.self_describing_json.SelfDescribingJson object at 0x1048fa250>]}
[0m14:11:24.189194 [debug] [MainThread]: Executing "git --help"
[0m14:11:24.679140 [debug] [MainThread]: STDOUT: "b"usage: git [-v | --version] [-h | --help] [-C <path>] [-c <name>=<value>]\n           [--exec-path[=<path>]] [--html-path] [--man-path] [--info-path]\n           [-p | --paginate | -P | --no-pager] [--no-replace-objects] [--bare]\n           [--git-dir=<path>] [--work-tree=<path>] [--namespace=<name>]\n           [--super-prefix=<path>] [--config-env=<name>=<envvar>]\n           <command> [<args>]\n\nThese are common Git commands used in various situations:\n\nstart a working area (see also: git help tutorial)\n   clone     Clone a repository into a new directory\n   init      Create an empty Git repository or reinitialize an existing one\n\nwork on the current change (see also: git help everyday)\n   add       Add file contents to the index\n   mv        Move or rename a file, a directory, or a symlink\n   restore   Restore working tree files\n   rm        Remove files from the working tree and from the index\n\nexamine the history and state (see also: git help revisions)\n   bisect    Use binary search to find the commit that introduced a bug\n   diff      Show changes between commits, commit and working tree, etc\n   grep      Print lines matching a pattern\n   log       Show commit logs\n   show      Show various types of objects\n   status    Show the working tree status\n\ngrow, mark and tweak your common history\n   branch    List, create, or delete branches\n   commit    Record changes to the repository\n   merge     Join two or more development histories together\n   rebase    Reapply commits on top of another base tip\n   reset     Reset current HEAD to the specified state\n   switch    Switch branches\n   tag       Create, list, delete or verify a tag object signed with GPG\n\ncollaborate (see also: git help workflows)\n   fetch     Download objects and refs from another repository\n   pull      Fetch from and integrate with another repository or a local branch\n   push      Update remote refs along with associated objects\n\n'git help -a' and 'git help -g' list available subcommands and some\nconcept guides. See 'git help <command>' or 'git help <concept>'\nto read about a specific subcommand or concept.\nSee 'git help git' for an overview of the system.\n""
[0m14:11:24.679758 [debug] [MainThread]: STDERR: "b''"
[0m14:11:24.680634 [debug] [MainThread]: Acquiring new redshift connection "debug"
[0m14:11:24.680846 [debug] [MainThread]: Using redshift connection "debug"
[0m14:11:24.680992 [debug] [MainThread]: On debug: select 1 as id
[0m14:11:24.681140 [debug] [MainThread]: Opening a new connection, currently in state init
[0m14:11:24.681304 [debug] [MainThread]: Redshift adapter: Connecting to Redshift using 'database' credentials
[0m14:11:25.258814 [debug] [MainThread]: SQL status: SELECT in 0.58 seconds
[0m14:11:25.262837 [debug] [MainThread]: On debug: Close
[0m14:11:25.263924 [debug] [MainThread]: Sending event: {'category': 'dbt', 'action': 'invocation', 'label': 'end', 'context': [<snowplow_tracker.self_describing_json.SelfDescribingJson object at 0x104f64850>, <snowplow_tracker.self_describing_json.SelfDescribingJson object at 0x104f646d0>, <snowplow_tracker.self_describing_json.SelfDescribingJson object at 0x104f64130>]}
[0m14:11:25.264516 [debug] [MainThread]: Flushing usage events
[0m14:11:25.527467 [debug] [MainThread]: Connection 'debug' was properly closed.
